<?xml version="1.0" encoding="UTF-8"?>
<!-- Generated by org.testng.reporters.JUnitReportReporter -->
<testsuite skipped="0" hostname="DESKTOP-280B4F5" name="Com_ActiTime_Test.InvalidLoginTest" tests="1" failures="0" timestamp="13 Jul 2020 11:30:57 GMT" time="47.222" errors="0">
  <testcase name="InvalidLogin" time="47.222" classname="Com_ActiTime_Test.InvalidLoginTest"/>
</testsuite> <!-- Com_ActiTime_Test.InvalidLoginTest -->
