<?xml version="1.0" encoding="UTF-8"?>
<!-- Generated by org.testng.reporters.JUnitReportReporter -->
<testsuite skipped="0" hostname="DESKTOP-280B4F5" name="Com_ActiTime_Test.DemoA" tests="1" failures="0" timestamp="14 Jul 2020 10:57:03 GMT" time="0.026" errors="0">
  <testcase name="testA" time="0.026" classname="Com_ActiTime_Test.DemoA"/>
</testsuite> <!-- Com_ActiTime_Test.DemoA -->
